<?xml version="1.0" encoding="UTF-8"?>
<TestRun id="47bc686d-45cc-4904-b659-86756395acc8" name="George@GEORGE-PC 2013-02-27 13:08:54" runUser="George-PC\George" xmlns="http://microsoft.com/schemas/VisualStudio/TeamTest/2010">
  <TestSettings name="Local" id="b7f7b3f6-a22c-45c1-856b-22b886052c84">
    <Description>These are default test settings for a local test run.</Description>
    <Deployment enabled="false" runDeploymentRoot="George_GEORGE-PC 2013-02-27 13_08_54" />
    <Execution>
      <TestTypeSpecific />
      <AgentRule name="Execution Agents">
      </AgentRule>
    </Execution>
  </TestSettings>
  <Times creation="2013-02-27T13:08:54.9868675+02:00" queuing="2013-02-27T13:08:55.2648834+02:00" start="2013-02-27T13:08:55.4388934+02:00" finish="2013-02-27T13:08:55.9839246+02:00" />
  <ResultSummary outcome="Failed">
    <Counters total="2" executed="2" passed="1" error="0" failed="1" timeout="0" aborted="0" inconclusive="0" passedButRunAborted="0" notRunnable="0" notExecuted="0" disconnected="0" warning="0" completed="0" inProgress="0" pending="0" />
  </ResultSummary>
  <TestDefinitions>
    <UnitTest name="CalculateDistanceBetweenPointsTest" storage="e:\documents\telerik-software-academy\oop\oophomework\definingclassespartii\1.points.tests\bin\debug\1.points.tests.dll" id="456623d3-5b5f-0bf0-df6a-d5494b710165">
      <Execution timeOut="1800000" id="a98d5ad5-9b88-4dbe-ae2b-fa3f42e9b194" />
      <TestMethod codeBase="E:/Documents/Telerik-Software-Academy/OOP/OOPHomework/DefiningClassesPartII/1.Points.Tests/bin/Debug/1.Points.Tests.DLL" adapterTypeName="Microsoft.VisualStudio.TestTools.TestTypes.Unit.UnitTestAdapter, Microsoft.VisualStudio.QualityTools.Tips.UnitTest.Adapter, Version=10.0.0.0, Culture=neutral, PublicKeyToken=b03f5f7f11d50a3a" className="_1.Points.Tests.PointOperationsTest, 1.Points.Tests, Version=1.0.0.0, Culture=neutral, PublicKeyToken=null" name="CalculateDistanceBetweenPointsTest" />
    </UnitTest>
    <UnitTest name="SavePathTest" storage="e:\documents\telerik-software-academy\oop\oophomework\definingclassespartii\1.points.tests\bin\debug\1.points.tests.dll" id="7ed68b98-6843-dbbc-3ebc-fe55dbca1315">
      <Execution timeOut="1800000" id="680eff99-aa21-4de1-b012-bae50b8e781f" />
      <DeploymentItems>
        <DeploymentItem filename="1.Points.dll" />
      </DeploymentItems>
      <TestMethod codeBase="E:/Documents/Telerik-Software-Academy/OOP/OOPHomework/DefiningClassesPartII/1.Points.Tests/bin/Debug/1.Points.Tests.DLL" adapterTypeName="Microsoft.VisualStudio.TestTools.TestTypes.Unit.UnitTestAdapter, Microsoft.VisualStudio.QualityTools.Tips.UnitTest.Adapter, Version=10.0.0.0, Culture=neutral, PublicKeyToken=b03f5f7f11d50a3a" className="_1.Points.Tests.PathStorageTest, 1.Points.Tests, Version=1.0.0.0, Culture=neutral, PublicKeyToken=null" name="SavePathTest" />
    </UnitTest>
  </TestDefinitions>
  <TestLists>
    <TestList name="Results Not in a List" id="8c84fa94-04c1-424b-9868-57a2d4851a1d" />
    <TestList name="All Loaded Results" id="19431567-8539-422a-85d7-44ee4e166bda" />
  </TestLists>
  <TestEntries>
    <TestEntry testId="7ed68b98-6843-dbbc-3ebc-fe55dbca1315" executionId="680eff99-aa21-4de1-b012-bae50b8e781f" testListId="8c84fa94-04c1-424b-9868-57a2d4851a1d" />
    <TestEntry testId="456623d3-5b5f-0bf0-df6a-d5494b710165" executionId="a98d5ad5-9b88-4dbe-ae2b-fa3f42e9b194" testListId="8c84fa94-04c1-424b-9868-57a2d4851a1d" />
  </TestEntries>
  <Results>
    <UnitTestResult executionId="680eff99-aa21-4de1-b012-bae50b8e781f" testId="7ed68b98-6843-dbbc-3ebc-fe55dbca1315" testName="SavePathTest" computerName="GEORGE-PC" duration="00:00:00.2647586" startTime="2013-02-27T13:08:55.5388991+02:00" endTime="2013-02-27T13:08:55.8799186+02:00" testType="13cdc9d9-ddb5-4fa4-a97d-d965ccfc6d4b" outcome="Failed" testListId="8c84fa94-04c1-424b-9868-57a2d4851a1d" relativeResultsDirectory="680eff99-aa21-4de1-b012-bae50b8e781f">
      <Output>
        <ErrorInfo>
          <Message>Test method _1.Points.Tests.PathStorageTest.SavePathTest threw exception: 
System.InvalidOperationException: _1.Points.Path cannot be serialized because it does not have a parameterless constructor.</Message>
          <StackTrace>    at System.Xml.Serialization.TypeDesc.CheckSupported()
   at System.Xml.Serialization.TypeScope.GetTypeDesc(Type type, MemberInfo source, Boolean directReference, Boolean throwOnError)
   at System.Xml.Serialization.ModelScope.GetTypeModel(Type type, Boolean directReference)
   at System.Xml.Serialization.XmlReflectionImporter.ImportTypeMapping(Type type, XmlRootAttribute root, String defaultNamespace)
   at System.Xml.Serialization.XmlSerializer..ctor(Type type, String defaultNamespace)
   at System.Xml.Serialization.XmlSerializer..ctor(Type type)
   at _1.Points.PathStorage.SavePath(Path path, String fileName) in E:\Documents\Telerik-Software-Academy\OOP\OOPHomework\DefiningClassesPartII\1.Points\PathStorage.cs:line 17
   at _1.Points.Tests.PathStorageTest.SavePathTest() in E:\Documents\Telerik-Software-Academy\OOP\OOPHomework\DefiningClassesPartII\1.Points.Tests\PathStorageTest.cs:line 80
</StackTrace>
        </ErrorInfo>
      </Output>
    </UnitTestResult>
    <UnitTestResult executionId="a98d5ad5-9b88-4dbe-ae2b-fa3f42e9b194" testId="456623d3-5b5f-0bf0-df6a-d5494b710165" testName="CalculateDistanceBetweenPointsTest" computerName="GEORGE-PC" duration="00:00:00.0122035" startTime="2013-02-27T13:08:55.8829188+02:00" endTime="2013-02-27T13:08:55.9039200+02:00" testType="13cdc9d9-ddb5-4fa4-a97d-d965ccfc6d4b" outcome="Passed" testListId="8c84fa94-04c1-424b-9868-57a2d4851a1d" relativeResultsDirectory="a98d5ad5-9b88-4dbe-ae2b-fa3f42e9b194">
    </UnitTestResult>
  </Results>
</TestRun>