<?xml version="1.0" encoding="UTF-8"?>
<TestRun id="d69bc9ed-dc77-45b7-808e-6757ceeb2087" name="George@GEORGE-PC 2013-02-27 13:11:01" runUser="George-PC\George" xmlns="http://microsoft.com/schemas/VisualStudio/TeamTest/2010">
  <TestSettings name="Local" id="b7f7b3f6-a22c-45c1-856b-22b886052c84">
    <Description>These are default test settings for a local test run.</Description>
    <Deployment enabled="false" runDeploymentRoot="George_GEORGE-PC 2013-02-27 13_11_01" />
    <Execution>
      <TestTypeSpecific />
      <AgentRule name="Execution Agents">
      </AgentRule>
    </Execution>
  </TestSettings>
  <Times creation="2013-02-27T13:11:01.3000923+02:00" queuing="2013-02-27T13:11:01.5551068+02:00" start="2013-02-27T13:11:01.7431176+02:00" finish="2013-02-27T13:11:02.1681419+02:00" />
  <ResultSummary outcome="Failed">
    <Counters total="2" executed="2" passed="1" error="0" failed="1" timeout="0" aborted="0" inconclusive="0" passedButRunAborted="0" notRunnable="0" notExecuted="0" disconnected="0" warning="0" completed="0" inProgress="0" pending="0" />
  </ResultSummary>
  <TestDefinitions>
    <UnitTest name="CalculateDistanceBetweenPointsTest" storage="e:\documents\telerik-software-academy\oop\oophomework\definingclassespartii\1.points.tests\bin\debug\1.points.tests.dll" id="456623d3-5b5f-0bf0-df6a-d5494b710165">
      <Execution timeOut="1800000" id="adbba79c-8a8f-4fd4-bfbd-931bbca938d5" />
      <TestMethod codeBase="E:/Documents/Telerik-Software-Academy/OOP/OOPHomework/DefiningClassesPartII/1.Points.Tests/bin/Debug/1.Points.Tests.DLL" adapterTypeName="Microsoft.VisualStudio.TestTools.TestTypes.Unit.UnitTestAdapter, Microsoft.VisualStudio.QualityTools.Tips.UnitTest.Adapter, Version=10.0.0.0, Culture=neutral, PublicKeyToken=b03f5f7f11d50a3a" className="_1.Points.Tests.PointOperationsTest, 1.Points.Tests, Version=1.0.0.0, Culture=neutral, PublicKeyToken=null" name="CalculateDistanceBetweenPointsTest" />
    </UnitTest>
    <UnitTest name="SavePathTest" storage="e:\documents\telerik-software-academy\oop\oophomework\definingclassespartii\1.points.tests\bin\debug\1.points.tests.dll" id="7ed68b98-6843-dbbc-3ebc-fe55dbca1315">
      <Execution timeOut="1800000" id="09f814dd-88ad-4de0-8b9d-885f8e5d1fdc" />
      <DeploymentItems>
        <DeploymentItem filename="1.Points.dll" />
      </DeploymentItems>
      <TestMethod codeBase="E:/Documents/Telerik-Software-Academy/OOP/OOPHomework/DefiningClassesPartII/1.Points.Tests/bin/Debug/1.Points.Tests.DLL" adapterTypeName="Microsoft.VisualStudio.TestTools.TestTypes.Unit.UnitTestAdapter, Microsoft.VisualStudio.QualityTools.Tips.UnitTest.Adapter, Version=10.0.0.0, Culture=neutral, PublicKeyToken=b03f5f7f11d50a3a" className="_1.Points.Tests.PathStorageTest, 1.Points.Tests, Version=1.0.0.0, Culture=neutral, PublicKeyToken=null" name="SavePathTest" />
    </UnitTest>
  </TestDefinitions>
  <TestLists>
    <TestList name="Results Not in a List" id="8c84fa94-04c1-424b-9868-57a2d4851a1d" />
    <TestList name="All Loaded Results" id="19431567-8539-422a-85d7-44ee4e166bda" />
  </TestLists>
  <TestEntries>
    <TestEntry testId="7ed68b98-6843-dbbc-3ebc-fe55dbca1315" executionId="09f814dd-88ad-4de0-8b9d-885f8e5d1fdc" testListId="8c84fa94-04c1-424b-9868-57a2d4851a1d" />
    <TestEntry testId="456623d3-5b5f-0bf0-df6a-d5494b710165" executionId="adbba79c-8a8f-4fd4-bfbd-931bbca938d5" testListId="8c84fa94-04c1-424b-9868-57a2d4851a1d" />
  </TestEntries>
  <Results>
    <UnitTestResult executionId="09f814dd-88ad-4de0-8b9d-885f8e5d1fdc" testId="7ed68b98-6843-dbbc-3ebc-fe55dbca1315" testName="SavePathTest" computerName="GEORGE-PC" duration="00:00:00.1825673" startTime="2013-02-27T13:11:01.8391231+02:00" endTime="2013-02-27T13:11:02.0881373+02:00" testType="13cdc9d9-ddb5-4fa4-a97d-d965ccfc6d4b" outcome="Failed" testListId="8c84fa94-04c1-424b-9868-57a2d4851a1d" relativeResultsDirectory="09f814dd-88ad-4de0-8b9d-885f8e5d1fdc">
      <Output>
        <ErrorInfo>
          <Message>Test method _1.Points.Tests.PathStorageTest.SavePathTest threw exception: 
System.InvalidOperationException: _1.Points.Path cannot be serialized because it does not have a parameterless constructor.</Message>
          <StackTrace>    at System.Xml.Serialization.TypeDesc.CheckSupported()
   at System.Xml.Serialization.TypeScope.GetTypeDesc(Type type, MemberInfo source, Boolean directReference, Boolean throwOnError)
   at System.Xml.Serialization.ModelScope.GetTypeModel(Type type, Boolean directReference)
   at System.Xml.Serialization.XmlReflectionImporter.ImportTypeMapping(Type type, XmlRootAttribute root, String defaultNamespace)
   at System.Xml.Serialization.XmlSerializer..ctor(Type type, String defaultNamespace)
   at System.Xml.Serialization.XmlSerializer..ctor(Type type)
   at _1.Points.PathStorage.SavePath(Path path, String fileName) in E:\Documents\Telerik-Software-Academy\OOP\OOPHomework\DefiningClassesPartII\1.Points\PathStorage.cs:line 17
   at _1.Points.Tests.PathStorageTest.SavePathTest() in E:\Documents\Telerik-Software-Academy\OOP\OOPHomework\DefiningClassesPartII\1.Points.Tests\PathStorageTest.cs:line 80
</StackTrace>
        </ErrorInfo>
      </Output>
    </UnitTestResult>
    <UnitTestResult executionId="adbba79c-8a8f-4fd4-bfbd-931bbca938d5" testId="456623d3-5b5f-0bf0-df6a-d5494b710165" testName="CalculateDistanceBetweenPointsTest" computerName="GEORGE-PC" duration="00:00:00.0018802" startTime="2013-02-27T13:11:02.0931376+02:00" endTime="2013-02-27T13:11:02.0961378+02:00" testType="13cdc9d9-ddb5-4fa4-a97d-d965ccfc6d4b" outcome="Passed" testListId="8c84fa94-04c1-424b-9868-57a2d4851a1d" relativeResultsDirectory="adbba79c-8a8f-4fd4-bfbd-931bbca938d5">
    </UnitTestResult>
  </Results>
</TestRun>