<?xml version="1.0" encoding="UTF-8"?>
<TestRun id="54520088-85fb-417d-a1d9-da13df98e8a8" name="George@GEORGE-PC 2013-02-27 13:17:40" runUser="George-PC\George" xmlns="http://microsoft.com/schemas/VisualStudio/TeamTest/2010">
  <TestSettings name="Local" id="b7f7b3f6-a22c-45c1-856b-22b886052c84">
    <Description>These are default test settings for a local test run.</Description>
    <Deployment enabled="false" runDeploymentRoot="George_GEORGE-PC 2013-02-27 13_17_40">
      <DeploymentItem filename="E:\Documents\Telerik-Software-Academy\OOP\OOPHomework\DefiningClassesPartII\1.Points\bin\Debug\1.Points.dll" />
    </Deployment>
    <Execution>
      <TestTypeSpecific />
      <AgentRule name="Execution Agents">
      </AgentRule>
    </Execution>
  </TestSettings>
  <Times creation="2013-02-27T13:17:40.2209092+02:00" queuing="2013-02-27T13:17:41.2009653+02:00" start="2013-02-27T13:17:41.2899704+02:00" finish="2013-02-27T13:17:48.0713582+02:00" />
  <ResultSummary outcome="Completed">
    <Counters total="2" executed="2" passed="2" error="0" failed="0" timeout="0" aborted="0" inconclusive="0" passedButRunAborted="0" notRunnable="0" notExecuted="0" disconnected="0" warning="0" completed="0" inProgress="0" pending="0" />
  </ResultSummary>
  <TestDefinitions>
    <UnitTest name="CalculateDistanceBetweenPointsTest" storage="e:\documents\telerik-software-academy\oop\oophomework\definingclassespartii\1.points.tests\bin\debug\1.points.tests.dll" id="456623d3-5b5f-0bf0-df6a-d5494b710165">
      <Execution id="9c6cc546-9e6e-42c4-907a-4d55cffcccd2" />
      <TestMethod codeBase="E:/Documents/Telerik-Software-Academy/OOP/OOPHomework/DefiningClassesPartII/1.Points.Tests/bin/Debug/1.Points.Tests.DLL" adapterTypeName="Microsoft.VisualStudio.TestTools.TestTypes.Unit.UnitTestAdapter, Microsoft.VisualStudio.QualityTools.Tips.UnitTest.Adapter, Version=10.0.0.0, Culture=neutral, PublicKeyToken=b03f5f7f11d50a3a" className="_1.Points.Tests.PointOperationsTest, 1.Points.Tests, Version=1.0.0.0, Culture=neutral, PublicKeyToken=null" name="CalculateDistanceBetweenPointsTest" />
    </UnitTest>
    <UnitTest name="SavePathTest" storage="e:\documents\telerik-software-academy\oop\oophomework\definingclassespartii\1.points.tests\bin\debug\1.points.tests.dll" id="7ed68b98-6843-dbbc-3ebc-fe55dbca1315">
      <DeploymentItems>
        <DeploymentItem filename="1.Points.dll" />
      </DeploymentItems>
      <Execution id="548f2ce5-8613-4652-8a6b-c297cc1b55e7" />
      <TestMethod codeBase="E:/Documents/Telerik-Software-Academy/OOP/OOPHomework/DefiningClassesPartII/1.Points.Tests/bin/Debug/1.Points.Tests.DLL" adapterTypeName="Microsoft.VisualStudio.TestTools.TestTypes.Unit.UnitTestAdapter, Microsoft.VisualStudio.QualityTools.Tips.UnitTest.Adapter, Version=10.0.0.0, Culture=neutral, PublicKeyToken=b03f5f7f11d50a3a" className="_1.Points.Tests.PathStorageTest, 1.Points.Tests, Version=1.0.0.0, Culture=neutral, PublicKeyToken=null" name="SavePathTest" />
    </UnitTest>
  </TestDefinitions>
  <TestLists>
    <TestList name="Results Not in a List" id="8c84fa94-04c1-424b-9868-57a2d4851a1d" />
    <TestList name="All Loaded Results" id="19431567-8539-422a-85d7-44ee4e166bda" />
  </TestLists>
  <TestEntries>
    <TestEntry testId="456623d3-5b5f-0bf0-df6a-d5494b710165" executionId="9c6cc546-9e6e-42c4-907a-4d55cffcccd2" testListId="8c84fa94-04c1-424b-9868-57a2d4851a1d" />
    <TestEntry testId="7ed68b98-6843-dbbc-3ebc-fe55dbca1315" executionId="548f2ce5-8613-4652-8a6b-c297cc1b55e7" testListId="8c84fa94-04c1-424b-9868-57a2d4851a1d" />
  </TestEntries>
  <Results>
    <UnitTestResult executionId="9c6cc546-9e6e-42c4-907a-4d55cffcccd2" testId="456623d3-5b5f-0bf0-df6a-d5494b710165" testName="CalculateDistanceBetweenPointsTest" computerName="GEORGE-PC" duration="00:00:00.0183972" startTime="2013-02-27T13:17:41.3729751+02:00" endTime="2013-02-27T13:17:41.9860102+02:00" testType="13cdc9d9-ddb5-4fa4-a97d-d965ccfc6d4b" outcome="Passed" testListId="8c84fa94-04c1-424b-9868-57a2d4851a1d" relativeResultsDirectory="9c6cc546-9e6e-42c4-907a-4d55cffcccd2">
    </UnitTestResult>
    <UnitTestResult executionId="548f2ce5-8613-4652-8a6b-c297cc1b55e7" testId="7ed68b98-6843-dbbc-3ebc-fe55dbca1315" testName="SavePathTest" computerName="GEORGE-PC" duration="00:00:05.6277291" startTime="2013-02-27T13:17:41.9940106+02:00" endTime="2013-02-27T13:17:47.8633463+02:00" testType="13cdc9d9-ddb5-4fa4-a97d-d965ccfc6d4b" outcome="Passed" testListId="8c84fa94-04c1-424b-9868-57a2d4851a1d" relativeResultsDirectory="548f2ce5-8613-4652-8a6b-c297cc1b55e7">
    </UnitTestResult>
  </Results>
</TestRun>