<?xml version="1.0" encoding="UTF-8"?>
<TestRun id="c004925a-bb46-4e24-972d-097755fb7d0c" name="George@GEORGE-PC 2013-02-27 14:16:57" runUser="George-PC\George" xmlns="http://microsoft.com/schemas/VisualStudio/TeamTest/2010">
  <TestSettings name="Local" id="b7f7b3f6-a22c-45c1-856b-22b886052c84">
    <Description>These are default test settings for a local test run.</Description>
    <Deployment enabled="false" runDeploymentRoot="George_GEORGE-PC 2013-02-27 14_16_57">
      <DeploymentItem filename="E:\Documents\Telerik-Software-Academy\OOP\OOPHomework\DefiningClassesPartII\2.GenericList\bin\Debug\2.GenericList.dll" />
      <DeploymentItem filename="E:\Documents\Telerik-Software-Academy\OOP\OOPHomework\DefiningClassesPartII\1.Points\bin\Debug\1.Points.dll" />
    </Deployment>
    <Execution>
      <TestTypeSpecific />
      <AgentRule name="Execution Agents">
      </AgentRule>
    </Execution>
  </TestSettings>
  <Times creation="2013-02-27T14:16:57.6533827+02:00" queuing="2013-02-27T14:16:57.7923907+02:00" start="2013-02-27T14:16:57.7983910+02:00" finish="2013-02-27T14:16:58.3174207+02:00" />
  <ResultSummary outcome="Failed">
    <Counters total="7" executed="7" passed="6" error="0" failed="1" timeout="0" aborted="0" inconclusive="0" passedButRunAborted="0" notRunnable="0" notExecuted="0" disconnected="0" warning="0" completed="0" inProgress="0" pending="0" />
    <RunInfos>
      <RunInfo computerName="GEORGE-PC" outcome="Warning" timestamp="2013-02-27T14:16:57.7913906+02:00">
        <Text>Deployment is currently disabled. The deployment item '1.Points.dll' on test '_1.Points.Tests.PathStorageTest.SavePathTest' was not deployed.</Text>
      </RunInfo>
    </RunInfos>
  </ResultSummary>
  <TestDefinitions>
    <UnitTest name="SavePathTest" storage="e:\documents\telerik-software-academy\oop\oophomework\definingclassespartii\1.points.tests\bin\debug\1.points.tests.dll" id="7ed68b98-6843-dbbc-3ebc-fe55dbca1315">
      <DeploymentItems>
        <DeploymentItem filename="1.Points.dll" />
      </DeploymentItems>
      <Execution id="c1bbe9cb-1cf6-4907-8a0f-19f6b040d540" />
      <TestMethod codeBase="E:/Documents/Telerik-Software-Academy/OOP/OOPHomework/DefiningClassesPartII/1.Points.Tests/bin/Debug/1.Points.Tests.DLL" adapterTypeName="Microsoft.VisualStudio.TestTools.TestTypes.Unit.UnitTestAdapter, Microsoft.VisualStudio.QualityTools.Tips.UnitTest.Adapter, Version=10.0.0.0, Culture=neutral, PublicKeyToken=b03f5f7f11d50a3a" className="_1.Points.Tests.PathStorageTest, 1.Points.Tests, Version=1.0.0.0, Culture=neutral, PublicKeyToken=null" name="SavePathTest" />
    </UnitTest>
    <UnitTest name="MaxTest" storage="e:\documents\telerik-software-academy\oop\oophomework\definingclassespartii\2.genericlist.tests\bin\debug\2.genericlist.tests.dll" id="6457a405-daf2-0ea4-4517-7b6f12ffdbd5">
      <Execution id="2d5aa4a3-a4c4-4dc0-826a-740587afd9da" />
      <TestMethod codeBase="E:/Documents/Telerik-Software-Academy/OOP/OOPHomework/DefiningClassesPartII/2.GenericList.Tests/bin/Debug/2.GenericList.Tests.DLL" adapterTypeName="Microsoft.VisualStudio.TestTools.TestTypes.Unit.UnitTestAdapter, Microsoft.VisualStudio.QualityTools.Tips.UnitTest.Adapter, Version=10.0.0.0, Culture=neutral, PublicKeyToken=b03f5f7f11d50a3a" className="_2.GenericList.Tests.GenericListTest, 2.GenericList.Tests, Version=1.0.0.0, Culture=neutral, PublicKeyToken=null" name="MaxTest" />
    </UnitTest>
    <UnitTest name="ExpandListTest" storage="e:\documents\telerik-software-academy\oop\oophomework\definingclassespartii\2.genericlist.tests\bin\debug\2.genericlist.tests.dll" id="82b84418-4094-54b6-cea3-3ed23068f3e1">
      <DeploymentItems>
        <DeploymentItem filename="2.GenericList.dll" />
      </DeploymentItems>
      <Execution id="fa3d2127-d084-415a-a3fa-a09016125224" />
      <TestMethod codeBase="E:/Documents/Telerik-Software-Academy/OOP/OOPHomework/DefiningClassesPartII/2.GenericList.Tests/bin/Debug/2.GenericList.Tests.DLL" adapterTypeName="Microsoft.VisualStudio.TestTools.TestTypes.Unit.UnitTestAdapter, Microsoft.VisualStudio.QualityTools.Tips.UnitTest.Adapter, Version=10.0.0.0, Culture=neutral, PublicKeyToken=b03f5f7f11d50a3a" className="_2.GenericList.Tests.GenericListTest, 2.GenericList.Tests, Version=1.0.0.0, Culture=neutral, PublicKeyToken=null" name="ExpandListTest" />
    </UnitTest>
    <UnitTest name="ClearTest" storage="e:\documents\telerik-software-academy\oop\oophomework\definingclassespartii\2.genericlist.tests\bin\debug\2.genericlist.tests.dll" id="b936e783-96b5-a4f0-d098-4fe1369b4f25">
      <Execution id="5f86c1f9-d564-41e4-8cb9-70ad04f588b4" />
      <TestMethod codeBase="E:/Documents/Telerik-Software-Academy/OOP/OOPHomework/DefiningClassesPartII/2.GenericList.Tests/bin/Debug/2.GenericList.Tests.DLL" adapterTypeName="Microsoft.VisualStudio.TestTools.TestTypes.Unit.UnitTestAdapter, Microsoft.VisualStudio.QualityTools.Tips.UnitTest.Adapter, Version=10.0.0.0, Culture=neutral, PublicKeyToken=b03f5f7f11d50a3a" className="_2.GenericList.Tests.GenericListTest, 2.GenericList.Tests, Version=1.0.0.0, Culture=neutral, PublicKeyToken=null" name="ClearTest" />
    </UnitTest>
    <UnitTest name="MinTest" storage="e:\documents\telerik-software-academy\oop\oophomework\definingclassespartii\2.genericlist.tests\bin\debug\2.genericlist.tests.dll" id="e5584b8d-94f1-0c62-d740-4cdb4428582a">
      <Execution id="b96b2df3-7d9c-425d-a281-adc8cd062c5d" />
      <TestMethod codeBase="E:/Documents/Telerik-Software-Academy/OOP/OOPHomework/DefiningClassesPartII/2.GenericList.Tests/bin/Debug/2.GenericList.Tests.DLL" adapterTypeName="Microsoft.VisualStudio.TestTools.TestTypes.Unit.UnitTestAdapter, Microsoft.VisualStudio.QualityTools.Tips.UnitTest.Adapter, Version=10.0.0.0, Culture=neutral, PublicKeyToken=b03f5f7f11d50a3a" className="_2.GenericList.Tests.GenericListTest, 2.GenericList.Tests, Version=1.0.0.0, Culture=neutral, PublicKeyToken=null" name="MinTest" />
    </UnitTest>
    <UnitTest name="CalculateDistanceBetweenPointsTest" storage="e:\documents\telerik-software-academy\oop\oophomework\definingclassespartii\1.points.tests\bin\debug\1.points.tests.dll" id="456623d3-5b5f-0bf0-df6a-d5494b710165">
      <Execution id="96e29e2e-e181-44b5-a0a7-a7ac8ad56140" />
      <TestMethod codeBase="E:/Documents/Telerik-Software-Academy/OOP/OOPHomework/DefiningClassesPartII/1.Points.Tests/bin/Debug/1.Points.Tests.DLL" adapterTypeName="Microsoft.VisualStudio.TestTools.TestTypes.Unit.UnitTestAdapter, Microsoft.VisualStudio.QualityTools.Tips.UnitTest.Adapter, Version=10.0.0.0, Culture=neutral, PublicKeyToken=b03f5f7f11d50a3a" className="_1.Points.Tests.PointOperationsTest, 1.Points.Tests, Version=1.0.0.0, Culture=neutral, PublicKeyToken=null" name="CalculateDistanceBetweenPointsTest" />
    </UnitTest>
    <UnitTest name="LoadPathTest" storage="e:\documents\telerik-software-academy\oop\oophomework\definingclassespartii\1.points.tests\bin\debug\1.points.tests.dll" id="a9cc6342-c50e-56fe-985d-21ce2ed294de">
      <Execution id="135f57b7-c447-4d3f-970e-7a6bc6de6d20" />
      <TestMethod codeBase="E:/Documents/Telerik-Software-Academy/OOP/OOPHomework/DefiningClassesPartII/1.Points.Tests/bin/Debug/1.Points.Tests.DLL" adapterTypeName="Microsoft.VisualStudio.TestTools.TestTypes.Unit.UnitTestAdapter, Microsoft.VisualStudio.QualityTools.Tips.UnitTest.Adapter, Version=10.0.0.0, Culture=neutral, PublicKeyToken=b03f5f7f11d50a3a" className="_1.Points.Tests.PathStorageTest, 1.Points.Tests, Version=1.0.0.0, Culture=neutral, PublicKeyToken=null" name="LoadPathTest" />
    </UnitTest>
  </TestDefinitions>
  <TestLists>
    <TestList name="Results Not in a List" id="8c84fa94-04c1-424b-9868-57a2d4851a1d" />
    <TestList name="All Loaded Results" id="19431567-8539-422a-85d7-44ee4e166bda" />
  </TestLists>
  <TestEntries>
    <TestEntry testId="456623d3-5b5f-0bf0-df6a-d5494b710165" executionId="96e29e2e-e181-44b5-a0a7-a7ac8ad56140" testListId="8c84fa94-04c1-424b-9868-57a2d4851a1d" />
    <TestEntry testId="6457a405-daf2-0ea4-4517-7b6f12ffdbd5" executionId="2d5aa4a3-a4c4-4dc0-826a-740587afd9da" testListId="8c84fa94-04c1-424b-9868-57a2d4851a1d" />
    <TestEntry testId="7ed68b98-6843-dbbc-3ebc-fe55dbca1315" executionId="c1bbe9cb-1cf6-4907-8a0f-19f6b040d540" testListId="8c84fa94-04c1-424b-9868-57a2d4851a1d" />
    <TestEntry testId="82b84418-4094-54b6-cea3-3ed23068f3e1" executionId="fa3d2127-d084-415a-a3fa-a09016125224" testListId="8c84fa94-04c1-424b-9868-57a2d4851a1d" />
    <TestEntry testId="a9cc6342-c50e-56fe-985d-21ce2ed294de" executionId="135f57b7-c447-4d3f-970e-7a6bc6de6d20" testListId="8c84fa94-04c1-424b-9868-57a2d4851a1d" />
    <TestEntry testId="b936e783-96b5-a4f0-d098-4fe1369b4f25" executionId="5f86c1f9-d564-41e4-8cb9-70ad04f588b4" testListId="8c84fa94-04c1-424b-9868-57a2d4851a1d" />
    <TestEntry testId="e5584b8d-94f1-0c62-d740-4cdb4428582a" executionId="b96b2df3-7d9c-425d-a281-adc8cd062c5d" testListId="8c84fa94-04c1-424b-9868-57a2d4851a1d" />
  </TestEntries>
  <Results>
    <UnitTestResult executionId="96e29e2e-e181-44b5-a0a7-a7ac8ad56140" testId="456623d3-5b5f-0bf0-df6a-d5494b710165" testName="CalculateDistanceBetweenPointsTest" computerName="GEORGE-PC" duration="00:00:00.0164785" startTime="2013-02-27T14:16:57.8013912+02:00" endTime="2013-02-27T14:16:58.0044028+02:00" testType="13cdc9d9-ddb5-4fa4-a97d-d965ccfc6d4b" outcome="Passed" testListId="8c84fa94-04c1-424b-9868-57a2d4851a1d" relativeResultsDirectory="96e29e2e-e181-44b5-a0a7-a7ac8ad56140">
    </UnitTestResult>
    <UnitTestResult executionId="2d5aa4a3-a4c4-4dc0-826a-740587afd9da" testId="6457a405-daf2-0ea4-4517-7b6f12ffdbd5" testName="MaxTest" computerName="GEORGE-PC" duration="00:00:00.0500466" startTime="2013-02-27T14:16:58.0054028+02:00" endTime="2013-02-27T14:16:58.2314158+02:00" testType="13cdc9d9-ddb5-4fa4-a97d-d965ccfc6d4b" outcome="Failed" testListId="8c84fa94-04c1-424b-9868-57a2d4851a1d" relativeResultsDirectory="2d5aa4a3-a4c4-4dc0-826a-740587afd9da">
      <Output>
        <ErrorInfo>
          <Message>Assert.IsTrue failed. </Message>
          <StackTrace>   at _2.GenericList.Tests.GenericListTest.MaxTestHelper[T]() in E:\Documents\Telerik-Software-Academy\OOP\OOPHomework\DefiningClassesPartII\2.GenericList.Tests\GenericListTest.cs:line 143
   at _2.GenericList.Tests.GenericListTest.MaxTest() in E:\Documents\Telerik-Software-Academy\OOP\OOPHomework\DefiningClassesPartII\2.GenericList.Tests\GenericListTest.cs:line 149
</StackTrace>
        </ErrorInfo>
      </Output>
    </UnitTestResult>
    <UnitTestResult executionId="c1bbe9cb-1cf6-4907-8a0f-19f6b040d540" testId="7ed68b98-6843-dbbc-3ebc-fe55dbca1315" testName="SavePathTest" computerName="GEORGE-PC" duration="00:00:00.0157520" startTime="2013-02-27T14:16:58.2324158+02:00" endTime="2013-02-27T14:16:58.2514169+02:00" testType="13cdc9d9-ddb5-4fa4-a97d-d965ccfc6d4b" outcome="Passed" testListId="8c84fa94-04c1-424b-9868-57a2d4851a1d" relativeResultsDirectory="c1bbe9cb-1cf6-4907-8a0f-19f6b040d540">
    </UnitTestResult>
    <UnitTestResult executionId="fa3d2127-d084-415a-a3fa-a09016125224" testId="82b84418-4094-54b6-cea3-3ed23068f3e1" testName="ExpandListTest" computerName="GEORGE-PC" duration="00:00:00.0005482" startTime="2013-02-27T14:16:58.2524170+02:00" endTime="2013-02-27T14:16:58.2574173+02:00" testType="13cdc9d9-ddb5-4fa4-a97d-d965ccfc6d4b" outcome="Passed" testListId="8c84fa94-04c1-424b-9868-57a2d4851a1d" relativeResultsDirectory="fa3d2127-d084-415a-a3fa-a09016125224">
    </UnitTestResult>
    <UnitTestResult executionId="135f57b7-c447-4d3f-970e-7a6bc6de6d20" testId="a9cc6342-c50e-56fe-985d-21ce2ed294de" testName="LoadPathTest" computerName="GEORGE-PC" duration="00:00:00.0064212" startTime="2013-02-27T14:16:58.2584173+02:00" endTime="2013-02-27T14:16:58.2664178+02:00" testType="13cdc9d9-ddb5-4fa4-a97d-d965ccfc6d4b" outcome="Passed" testListId="8c84fa94-04c1-424b-9868-57a2d4851a1d" relativeResultsDirectory="135f57b7-c447-4d3f-970e-7a6bc6de6d20">
    </UnitTestResult>
    <UnitTestResult executionId="5f86c1f9-d564-41e4-8cb9-70ad04f588b4" testId="b936e783-96b5-a4f0-d098-4fe1369b4f25" testName="ClearTest" computerName="GEORGE-PC" duration="00:00:00.0005285" startTime="2013-02-27T14:16:58.2684179+02:00" endTime="2013-02-27T14:16:58.2714181+02:00" testType="13cdc9d9-ddb5-4fa4-a97d-d965ccfc6d4b" outcome="Passed" testListId="8c84fa94-04c1-424b-9868-57a2d4851a1d" relativeResultsDirectory="5f86c1f9-d564-41e4-8cb9-70ad04f588b4">
    </UnitTestResult>
    <UnitTestResult executionId="b96b2df3-7d9c-425d-a281-adc8cd062c5d" testId="e5584b8d-94f1-0c62-d740-4cdb4428582a" testName="MinTest" computerName="GEORGE-PC" duration="00:00:00.0003356" startTime="2013-02-27T14:16:58.2714181+02:00" endTime="2013-02-27T14:16:58.2744182+02:00" testType="13cdc9d9-ddb5-4fa4-a97d-d965ccfc6d4b" outcome="Passed" testListId="8c84fa94-04c1-424b-9868-57a2d4851a1d" relativeResultsDirectory="b96b2df3-7d9c-425d-a281-adc8cd062c5d">
    </UnitTestResult>
  </Results>
</TestRun>