<?xml version="1.0" encoding="UTF-8"?>
<TestRun id="b58bbb6d-a2ca-4072-8fec-579d4a0c0859" name="George@GEORGE-PC 2013-02-27 13:53:42" runUser="George-PC\George" xmlns="http://microsoft.com/schemas/VisualStudio/TeamTest/2010">
  <TestSettings name="Local" id="b7f7b3f6-a22c-45c1-856b-22b886052c84">
    <Description>These are default test settings for a local test run.</Description>
    <Deployment enabled="false" runDeploymentRoot="George_GEORGE-PC 2013-02-27 13_53_42" />
    <Execution>
      <TestTypeSpecific />
      <AgentRule name="Execution Agents">
      </AgentRule>
    </Execution>
  </TestSettings>
  <Times creation="2013-02-27T13:53:42.9136082+02:00" queuing="2013-02-27T13:53:43.1706229+02:00" start="2013-02-27T13:53:43.3646340+02:00" finish="2013-02-27T13:53:43.6916527+02:00" />
  <ResultSummary outcome="Failed">
    <Counters total="2" executed="2" passed="1" error="0" failed="1" timeout="0" aborted="0" inconclusive="0" passedButRunAborted="0" notRunnable="0" notExecuted="0" disconnected="0" warning="0" completed="0" inProgress="0" pending="0" />
  </ResultSummary>
  <TestDefinitions>
    <UnitTest name="ClearTest" storage="e:\documents\telerik-software-academy\oop\oophomework\definingclassespartii\2.genericlist.tests\bin\debug\2.genericlist.tests.dll" id="b936e783-96b5-a4f0-d098-4fe1369b4f25">
      <Execution timeOut="1800000" id="fe8f47ed-4ed5-415e-a26b-8cf0f862744e" />
      <TestMethod codeBase="E:/Documents/Telerik-Software-Academy/OOP/OOPHomework/DefiningClassesPartII/2.GenericList.Tests/bin/Debug/2.GenericList.Tests.DLL" adapterTypeName="Microsoft.VisualStudio.TestTools.TestTypes.Unit.UnitTestAdapter, Microsoft.VisualStudio.QualityTools.Tips.UnitTest.Adapter, Version=10.0.0.0, Culture=neutral, PublicKeyToken=b03f5f7f11d50a3a" className="_2.GenericList.Tests.GenericListTest, 2.GenericList.Tests, Version=1.0.0.0, Culture=neutral, PublicKeyToken=null" name="ClearTest" />
    </UnitTest>
    <UnitTest name="ExpandListTest" storage="e:\documents\telerik-software-academy\oop\oophomework\definingclassespartii\2.genericlist.tests\bin\debug\2.genericlist.tests.dll" id="82b84418-4094-54b6-cea3-3ed23068f3e1">
      <Execution timeOut="1800000" id="5ebe1987-66cc-429e-991d-14af9688dfce" />
      <DeploymentItems>
        <DeploymentItem filename="2.GenericList.dll" />
      </DeploymentItems>
      <TestMethod codeBase="E:/Documents/Telerik-Software-Academy/OOP/OOPHomework/DefiningClassesPartII/2.GenericList.Tests/bin/Debug/2.GenericList.Tests.DLL" adapterTypeName="Microsoft.VisualStudio.TestTools.TestTypes.Unit.UnitTestAdapter, Microsoft.VisualStudio.QualityTools.Tips.UnitTest.Adapter, Version=10.0.0.0, Culture=neutral, PublicKeyToken=b03f5f7f11d50a3a" className="_2.GenericList.Tests.GenericListTest, 2.GenericList.Tests, Version=1.0.0.0, Culture=neutral, PublicKeyToken=null" name="ExpandListTest" />
    </UnitTest>
  </TestDefinitions>
  <TestLists>
    <TestList name="Results Not in a List" id="8c84fa94-04c1-424b-9868-57a2d4851a1d" />
    <TestList name="All Loaded Results" id="19431567-8539-422a-85d7-44ee4e166bda" />
  </TestLists>
  <TestEntries>
    <TestEntry testId="b936e783-96b5-a4f0-d098-4fe1369b4f25" executionId="fe8f47ed-4ed5-415e-a26b-8cf0f862744e" testListId="8c84fa94-04c1-424b-9868-57a2d4851a1d" />
    <TestEntry testId="82b84418-4094-54b6-cea3-3ed23068f3e1" executionId="5ebe1987-66cc-429e-991d-14af9688dfce" testListId="8c84fa94-04c1-424b-9868-57a2d4851a1d" />
  </TestEntries>
  <Results>
    <UnitTestResult executionId="fe8f47ed-4ed5-415e-a26b-8cf0f862744e" testId="b936e783-96b5-a4f0-d098-4fe1369b4f25" testName="ClearTest" computerName="GEORGE-PC" duration="00:00:00.0261963" startTime="2013-02-27T13:53:43.4896411+02:00" endTime="2013-02-27T13:53:43.5756460+02:00" testType="13cdc9d9-ddb5-4fa4-a97d-d965ccfc6d4b" outcome="Passed" testListId="8c84fa94-04c1-424b-9868-57a2d4851a1d" relativeResultsDirectory="fe8f47ed-4ed5-415e-a26b-8cf0f862744e">
    </UnitTestResult>
    <UnitTestResult executionId="5ebe1987-66cc-429e-991d-14af9688dfce" testId="82b84418-4094-54b6-cea3-3ed23068f3e1" testName="ExpandListTest" computerName="GEORGE-PC" duration="00:00:00.0441535" startTime="2013-02-27T13:53:43.5776461+02:00" endTime="2013-02-27T13:53:43.6226487+02:00" testType="13cdc9d9-ddb5-4fa4-a97d-d965ccfc6d4b" outcome="Failed" testListId="8c84fa94-04c1-424b-9868-57a2d4851a1d" relativeResultsDirectory="5ebe1987-66cc-429e-991d-14af9688dfce">
      <Output>
        <ErrorInfo>
          <Message>Test method _2.GenericList.Tests.GenericListTest.ExpandListTest threw exception: 
System.NullReferenceException: Object reference not set to an instance of an object.</Message>
          <StackTrace>   at _2.GenericList.GenericList_Accessor`1.ExpandList()
   at _2.GenericList.Tests.GenericListTest.ExpandListTestHelper[T]() in E:\Documents\Telerik-Software-Academy\OOP\OOPHomework\DefiningClassesPartII\2.GenericList.Tests\GenericListTest.cs:line 94
   at _2.GenericList.Tests.GenericListTest.ExpandListTest() in E:\Documents\Telerik-Software-Academy\OOP\OOPHomework\DefiningClassesPartII\2.GenericList.Tests\GenericListTest.cs:line 102
</StackTrace>
        </ErrorInfo>
      </Output>
    </UnitTestResult>
  </Results>
</TestRun>